# JRE version: OpenJDK Runtime Environment (11.0.11+9) (build 11.0.11+9-b60-7590822)
# Java VM: OpenJDK 64-Bit Server VM (11.0.11+9-b60-7590822, mixed mode, tiered, compressed oops, g1 gc, windows-amd64)
Heap:
 garbage-first heap   total 131072K, used 74976K [0x0000000080000000, 0x0000000100000000)
  region size 1024K, 54 young (55296K), 4 survivors (4096K)
 Metaspace       used 38715K, capacity 39616K, committed 39884K, reserved 1083392K
  class space    used 4946K, capacity 5281K, committed 5324K, reserved 1048576K
GC Heap History (12 events):
Event: 0.915 GC heap before
{Heap before GC invocations=0 (full 0):
 garbage-first heap   total 131072K, used 29696K [0x0000000080000000, 0x0000000100000000)
  region size 1024K, 24 young (24576K), 0 survivors (0K)
 Metaspace       used 9855K, capacity 10054K, committed 10112K, reserved 1058816K
  class space    used 1028K, capacity 1102K, committed 1152K, reserved 1048576K
}
Event: 0.923 GC heap after
{Heap after GC invocations=1 (full 0):
 garbage-first heap   total 131072K, used 9069K [0x0000000080000000, 0x0000000100000000)
  region size 1024K, 3 young (3072K), 3 survivors (3072K)
 Metaspace       used 9855K, capacity 10054K, committed 10112K, reserved 1058816K
  class space    used 1028K, capacity 1102K, committed 1152K, reserved 1048576K
}
Event: 2.662 GC heap before
{Heap before GC invocations=1 (full 0):
 garbage-first heap   total 131072K, used 83821K [0x0000000080000000, 0x0000000100000000)
  region size 1024K, 76 young (77824K), 3 survivors (3072K)
 Metaspace       used 17678K, capacity 18059K, committed 18176K, reserved 1064960K
  class space    used 2093K, capacity 2219K, committed 2304K, reserved 1048576K
}
Event: 2.674 GC heap after
{Heap after GC invocations=2 (full 0):
 garbage-first heap   total 131072K, used 16304K [0x0000000080000000, 0x0000000100000000)
  region size 1024K, 10 young (10240K), 10 survivors (10240K)
 Metaspace       used 17678K, capacity 18059K, committed 18176K, reserved 1064960K
  class space    used 2093K, capacity 2219K, committed 2304K, reserved 1048576K
}
Event: 2.896 GC heap before
{Heap before GC invocations=2 (full 0):
 garbage-first heap   total 131072K, used 40880K [0x0000000080000000, 0x0000000100000000)
  region size 1024K, 35 young (35840K), 10 survivors (10240K)
 Metaspace       used 20679K, capacity 21079K, committed 21248K, reserved 1067008K
  class space    used 2537K, capacity 2693K, committed 2816K, reserved 1048576K
}
Event: 2.904 GC heap after
{Heap after GC invocations=3 (full 0):
 garbage-first heap   total 131072K, used 17084K [0x0000000080000000, 0x0000000100000000)
  region size 1024K, 2 young (2048K), 2 survivors (2048K)
 Metaspace       used 20679K, capacity 21079K, committed 21248K, reserved 1067008K
  class space    used 2537K, capacity 2693K, committed 2816K, reserved 1048576K
}
Event: 3.372 GC heap before
{Heap before GC invocations=4 (full 0):
 garbage-first heap   total 131072K, used 67260K [0x0000000080000000, 0x0000000100000000)
  region size 1024K, 51 young (52224K), 2 survivors (2048K)
 Metaspace       used 25870K, capacity 26442K, committed 26752K, reserved 1073152K
  class space    used 3379K, capacity 3615K, committed 3712K, reserved 1048576K
}
Event: 3.376 GC heap after
{Heap after GC invocations=5 (full 0):
 garbage-first heap   total 131072K, used 18836K [0x0000000080000000, 0x0000000100000000)
  region size 1024K, 3 young (3072K), 3 survivors (3072K)
 Metaspace       used 25870K, capacity 26442K, committed 26752K, reserved 1073152K
  class space    used 3379K, capacity 3615K, committed 3712K, reserved 1048576K
}
Event: 3.946 GC heap before
{Heap before GC invocations=5 (full 0):
 garbage-first heap   total 131072K, used 76180K [0x0000000080000000, 0x0000000100000000)
  region size 1024K, 59 young (60416K), 3 survivors (3072K)
 Metaspace       used 32742K, capacity 33504K, committed 33792K, reserved 1079296K
  class space    used 4279K, capacity 4568K, committed 4608K, reserved 1048576K
}
Event: 3.951 GC heap after
{Heap after GC invocations=6 (full 0):
 garbage-first heap   total 131072K, used 21498K [0x0000000080000000, 0x0000000100000000)
  region size 1024K, 6 young (6144K), 6 survivors (6144K)
 Metaspace       used 32742K, capacity 33504K, committed 33792K, reserved 1079296K
  class space    used 4279K, capacity 4568K, committed 4608K, reserved 1048576K
}
Event: 4.179 GC heap before
{Heap before GC invocations=6 (full 0):
 garbage-first heap   total 131072K, used 26618K [0x0000000080000000, 0x0000000100000000)
  region size 1024K, 12 young (12288K), 6 survivors (6144K)
 Metaspace       used 35012K, capacity 35789K, committed 35840K, reserved 1081344K
  class space    used 4548K, capacity 4863K, committed 4864K, reserved 1048576K
}
Event: 4.187 GC heap after
{Heap after GC invocations=7 (full 0):
 garbage-first heap   total 131072K, used 22752K [0x0000000080000000, 0x0000000100000000)
  region size 1024K, 4 young (4096K), 4 survivors (4096K)
 Metaspace       used 35012K, capacity 35789K, committed 35840K, reserved 1081344K
  class space    used 4548K, capacity 4863K, committed 4864K, reserved 1048576K
}

