# JRE version: OpenJDK Runtime Environment (11.0.11+9) (build 11.0.11+9-b60-7590822)
# Java VM: OpenJDK 64-Bit Server VM (11.0.11+9-b60-7590822, mixed mode, tiered, compressed oops, g1 gc, windows-amd64)
Heap:
 garbage-first heap   total 131072K, used 73395K [0x0000000080000000, 0x0000000100000000)
  region size 1024K, 57 young (58368K), 3 survivors (3072K)
 Metaspace       used 33465K, capacity 34222K, committed 34432K, reserved 1079296K
  class space    used 4345K, capacity 4639K, committed 4736K, reserved 1048576K
GC Heap History (8 events):
Event: 6.319 GC heap before
{Heap before GC invocations=0 (full 0):
 garbage-first heap   total 131072K, used 29696K [0x0000000080000000, 0x0000000100000000)
  region size 1024K, 24 young (24576K), 0 survivors (0K)
 Metaspace       used 9870K, capacity 10114K, committed 10368K, reserved 1058816K
  class space    used 1029K, capacity 1102K, committed 1152K, reserved 1048576K
}
Event: 6.326 GC heap after
{Heap after GC invocations=1 (full 0):
 garbage-first heap   total 131072K, used 9391K [0x0000000080000000, 0x0000000100000000)
  region size 1024K, 3 young (3072K), 3 survivors (3072K)
 Metaspace       used 9870K, capacity 10114K, committed 10368K, reserved 1058816K
  class space    used 1029K, capacity 1102K, committed 1152K, reserved 1048576K
}
Event: 14.063 GC heap before
{Heap before GC invocations=1 (full 0):
 garbage-first heap   total 131072K, used 84143K [0x0000000080000000, 0x0000000100000000)
  region size 1024K, 76 young (77824K), 3 survivors (3072K)
 Metaspace       used 17648K, capacity 18055K, committed 18176K, reserved 1064960K
  class space    used 2093K, capacity 2219K, committed 2304K, reserved 1048576K
}
Event: 14.071 GC heap after
{Heap after GC invocations=2 (full 0):
 garbage-first heap   total 131072K, used 16376K [0x0000000080000000, 0x0000000100000000)
  region size 1024K, 10 young (10240K), 10 survivors (10240K)
 Metaspace       used 17648K, capacity 18055K, committed 18176K, reserved 1064960K
  class space    used 2093K, capacity 2219K, committed 2304K, reserved 1048576K
}
Event: 14.319 GC heap before
{Heap before GC invocations=2 (full 0):
 garbage-first heap   total 131072K, used 40952K [0x0000000080000000, 0x0000000100000000)
  region size 1024K, 35 young (35840K), 10 survivors (10240K)
 Metaspace       used 20657K, capacity 21081K, committed 21248K, reserved 1067008K
  class space    used 2538K, capacity 2695K, committed 2816K, reserved 1048576K
}
Event: 14.328 GC heap after
{Heap after GC invocations=3 (full 0):
 garbage-first heap   total 131072K, used 17167K [0x0000000080000000, 0x0000000100000000)
  region size 1024K, 1 young (1024K), 1 survivors (1024K)
 Metaspace       used 20657K, capacity 21081K, committed 21248K, reserved 1067008K
  class space    used 2538K, capacity 2695K, committed 2816K, reserved 1048576K
}
Event: 14.935 GC heap before
{Heap before GC invocations=4 (full 0):
 garbage-first heap   total 131072K, used 69391K [0x0000000080000000, 0x0000000100000000)
  region size 1024K, 53 young (54272K), 1 survivors (1024K)
 Metaspace       used 26081K, capacity 26630K, committed 26752K, reserved 1073152K
  class space    used 3408K, capacity 3615K, committed 3712K, reserved 1048576K
}
Event: 14.938 GC heap after
{Heap after GC invocations=5 (full 0):
 garbage-first heap   total 131072K, used 19123K [0x0000000080000000, 0x0000000100000000)
  region size 1024K, 3 young (3072K), 3 survivors (3072K)
 Metaspace       used 26081K, capacity 26630K, committed 26752K, reserved 1073152K
  class space    used 3408K, capacity 3615K, committed 3712K, reserved 1048576K
}

