# JRE version: OpenJDK Runtime Environment (11.0.11+9) (build 11.0.11+9-b60-7590822)
# Java VM: OpenJDK 64-Bit Server VM (11.0.11+9-b60-7590822, mixed mode, tiered, compressed oops, g1 gc, windows-amd64)
Heap:
 garbage-first heap   total 227328K, used 114146K [0x0000000080000000, 0x0000000100000000)
  region size 1024K, 6 young (6144K), 6 survivors (6144K)
 Metaspace       used 91906K, capacity 94434K, committed 95348K, reserved 1132544K
  class space    used 11785K, capacity 12661K, committed 13004K, reserved 1048576K
GC Heap History (20 events):
Event: 30.260 GC heap after
{Heap after GC invocations=36 (full 0):
 garbage-first heap   total 131072K, used 97685K [0x0000000080000000, 0x0000000100000000)
  region size 1024K, 2 young (2048K), 2 survivors (2048K)
 Metaspace       used 77051K, capacity 79186K, committed 79348K, reserved 1118208K
  class space    used 10012K, capacity 10742K, committed 10828K, reserved 1048576K
}
Event: 30.446 GC heap before
{Heap before GC invocations=37 (full 0):
 garbage-first heap   total 131072K, used 110997K [0x0000000080000000, 0x0000000100000000)
  region size 1024K, 15 young (15360K), 2 survivors (2048K)
 Metaspace       used 77456K, capacity 79508K, committed 79604K, reserved 1118208K
  class space    used 10070K, capacity 10805K, committed 10828K, reserved 1048576K
}
Event: 30.451 GC heap after
{Heap after GC invocations=38 (full 0):
 garbage-first heap   total 131072K, used 98691K [0x0000000080000000, 0x0000000100000000)
  region size 1024K, 2 young (2048K), 2 survivors (2048K)
 Metaspace       used 77456K, capacity 79508K, committed 79604K, reserved 1118208K
  class space    used 10070K, capacity 10805K, committed 10828K, reserved 1048576K
}
Event: 30.672 GC heap before
{Heap before GC invocations=38 (full 0):
 garbage-first heap   total 131072K, used 112003K [0x0000000080000000, 0x0000000100000000)
  region size 1024K, 15 young (15360K), 2 survivors (2048K)
 Metaspace       used 78976K, capacity 80990K, committed 81140K, reserved 1120256K
  class space    used 10274K, capacity 11000K, committed 11084K, reserved 1048576K
}
Event: 30.679 GC heap after
{Heap after GC invocations=39 (full 0):
 garbage-first heap   total 157696K, used 99230K [0x0000000080000000, 0x0000000100000000)
  region size 1024K, 2 young (2048K), 2 survivors (2048K)
 Metaspace       used 78976K, capacity 80990K, committed 81140K, reserved 1120256K
  class space    used 10274K, capacity 11000K, committed 11084K, reserved 1048576K
}
Event: 31.328 GC heap before
{Heap before GC invocations=40 (full 0):
 garbage-first heap   total 157696K, used 120734K [0x0000000080000000, 0x0000000100000000)
  region size 1024K, 23 young (23552K), 2 survivors (2048K)
 Metaspace       used 82265K, capacity 84275K, committed 84468K, reserved 1122304K
  class space    used 10629K, capacity 11326K, committed 11340K, reserved 1048576K
}
Event: 31.332 GC heap after
{Heap after GC invocations=41 (full 0):
 garbage-first heap   total 157696K, used 99555K [0x0000000080000000, 0x0000000100000000)
  region size 1024K, 2 young (2048K), 2 survivors (2048K)
 Metaspace       used 82265K, capacity 84275K, committed 84468K, reserved 1122304K
  class space    used 10629K, capacity 11326K, committed 11340K, reserved 1048576K
}
Event: 32.518 GC heap before
{Heap before GC invocations=41 (full 0):
 garbage-first heap   total 157696K, used 121059K [0x0000000080000000, 0x0000000100000000)
  region size 1024K, 24 young (24576K), 2 survivors (2048K)
 Metaspace       used 85924K, capacity 88081K, committed 88308K, reserved 1126400K
  class space    used 11086K, capacity 11836K, committed 11852K, reserved 1048576K
}
Event: 32.525 GC heap after
{Heap after GC invocations=42 (full 0):
 garbage-first heap   total 157696K, used 100879K [0x0000000080000000, 0x0000000100000000)
  region size 1024K, 3 young (3072K), 3 survivors (3072K)
 Metaspace       used 85924K, capacity 88081K, committed 88308K, reserved 1126400K
  class space    used 11086K, capacity 11836K, committed 11852K, reserved 1048576K
}
Event: 33.137 GC heap before
{Heap before GC invocations=43 (full 0):
 garbage-first heap   total 157696K, used 123407K [0x0000000080000000, 0x0000000100000000)
  region size 1024K, 25 young (25600K), 3 survivors (3072K)
 Metaspace       used 88038K, capacity 90207K, committed 90356K, reserved 1128448K
  class space    used 11340K, capacity 12090K, committed 12108K, reserved 1048576K
}
Event: 33.143 GC heap after
{Heap after GC invocations=44 (full 0):
 garbage-first heap   total 157696K, used 102024K [0x0000000080000000, 0x0000000100000000)
  region size 1024K, 3 young (3072K), 3 survivors (3072K)
 Metaspace       used 88038K, capacity 90207K, committed 90356K, reserved 1128448K
  class space    used 11340K, capacity 12090K, committed 12108K, reserved 1048576K
}
Event: 33.749 GC heap before
{Heap before GC invocations=44 (full 0):
 garbage-first heap   total 157696K, used 126600K [0x0000000080000000, 0x0000000100000000)
  region size 1024K, 27 young (27648K), 3 survivors (3072K)
 Metaspace       used 89594K, capacity 92099K, committed 92404K, reserved 1128448K
  class space    used 11641K, capacity 12530K, committed 12620K, reserved 1048576K
}
Event: 33.760 GC heap after
{Heap after GC invocations=45 (full 0):
 garbage-first heap   total 189440K, used 104313K [0x0000000080000000, 0x0000000100000000)
  region size 1024K, 4 young (4096K), 4 survivors (4096K)
 Metaspace       used 89594K, capacity 92099K, committed 92404K, reserved 1128448K
  class space    used 11641K, capacity 12530K, committed 12620K, reserved 1048576K
}
Event: 34.448 GC heap before
{Heap before GC invocations=46 (full 0):
 garbage-first heap   total 189440K, used 138105K [0x0000000080000000, 0x0000000100000000)
  region size 1024K, 38 young (38912K), 4 survivors (4096K)
 Metaspace       used 90090K, capacity 92666K, committed 92788K, reserved 1130496K
  class space    used 11701K, capacity 12631K, committed 12748K, reserved 1048576K
}
Event: 34.458 GC heap after
{Heap after GC invocations=47 (full 0):
 garbage-first heap   total 189440K, used 106575K [0x0000000080000000, 0x0000000100000000)
  region size 1024K, 5 young (5120K), 5 survivors (5120K)
 Metaspace       used 90090K, capacity 92666K, committed 92788K, reserved 1130496K
  class space    used 11701K, capacity 12631K, committed 12748K, reserved 1048576K
}
Event: 35.680 GC heap before
{Heap before GC invocations=47 (full 0):
 garbage-first heap   total 189440K, used 141391K [0x0000000080000000, 0x0000000100000000)
  region size 1024K, 40 young (40960K), 5 survivors (5120K)
 Metaspace       used 91429K, capacity 94042K, committed 94196K, reserved 1130496K
  class space    used 11869K, capacity 12846K, committed 12876K, reserved 1048576K
}
Event: 35.695 GC heap after
{Heap after GC invocations=48 (full 0):
 garbage-first heap   total 189440K, used 108635K [0x0000000080000000, 0x0000000100000000)
  region size 1024K, 5 young (5120K), 5 survivors (5120K)
 Metaspace       used 91429K, capacity 94042K, committed 94196K, reserved 1130496K
  class space    used 11869K, capacity 12846K, committed 12876K, reserved 1048576K
}
Event: 36.581 GC heap before
{Heap before GC invocations=49 (full 0):
 garbage-first heap   total 189440K, used 125019K [0x0000000080000000, 0x0000000100000000)
  region size 1024K, 23 young (23552K), 5 survivors (5120K)
 Metaspace       used 91911K, capacity 94643K, committed 94708K, reserved 1130496K
  class space    used 11898K, capacity 12865K, committed 12876K, reserved 1048576K
}
Event: 36.591 GC heap after
{Heap after GC invocations=50 (full 0):
 garbage-first heap   total 189440K, used 109217K [0x0000000080000000, 0x0000000100000000)
  region size 1024K, 3 young (3072K), 3 survivors (3072K)
 Metaspace       used 91911K, capacity 94643K, committed 94708K, reserved 1130496K
  class space    used 11898K, capacity 12865K, committed 12876K, reserved 1048576K
}
Event: 37.219 GC heap before
{Heap before GC invocations=51 (full 0):
 garbage-first heap   total 189440K, used 150177K [0x0000000080000000, 0x0000000100000000)
  region size 1024K, 41 young (41984K), 3 survivors (3072K)
 Metaspace       used 91906K, capacity 94434K, committed 95348K, reserved 1132544K
  class space    used 11785K, capacity 12661K, committed 13004K, reserved 1048576K
}

